<?xml version="1.0" encoding="UTF-8"?>
<!-- Generated by org.testng.reporters.JUnitXMLReporter -->
<testsuite ignored="0" hostname="DESKTOP-N31AQQE" failures="0" tests="10" name="Test" time="0.068" errors="0" timestamp="2023-11-28T20:37:05 PKT">
  <testcase classname="Framework.Testng.Classn1" name="test2" time="0.006"/>
  <testcase classname="Framework.Testng.Classn1" name="test3" time="0.001"/>
  <testcase classname="Framework.Testng.Classn2" name="test6" time="0.001"/>
  <testcase classname="Framework.Testng.Classn2" name="test7" time="0.002"/>
  <testcase classname="Framework.Testng.Classn3" name="test10" time="0.001"/>
  <testcase classname="Framework.Testng.Classn3" name="test11" time="0.001"/>
  <testcase classname="Framework.Testng.Classn3" name="test12" time="0.001"/>
  <testcase classname="Framework.Testng.Classn3" name="test9" time="0.001"/>
  <testcase classname="Framework.Testng.Classn4" name="test13" time="0.001"/>
  <testcase classname="Framework.Testng.Classn4" name="test14" time="0.001"/>
</testsuite> <!-- Test -->
