<?xml version="1.0" encoding="UTF-8"?>
<testng-results ignored="0" total="2" passed="2" failed="0" skipped="0">
  <reporter-output>
  </reporter-output>
  <suite started-at="2023-11-30T15:26:49 PKT" name="Default suite" finished-at="2023-11-30T15:26:49 PKT" duration-ms="46">
    <groups>
    </groups>
    <test started-at="2023-11-30T15:26:49 PKT" name="Default test" finished-at="2023-11-30T15:26:49 PKT" duration-ms="46">
      <class name="Framework.Testng.Classn1">
        <test-method is-config="true" signature="test4()[pri:0, instance:Framework.Testng.Classn1@1dde4cb2]" started-at="2023-11-30T15:26:49 PKT" name="test4" finished-at="2023-11-30T15:26:49 PKT" duration-ms="7" status="PASS">
          <reporter-output>
          </reporter-output>
        </test-method> <!-- test4 -->
        <test-method signature="test2()[pri:0, instance:Framework.Testng.Classn1@1dde4cb2]" started-at="2023-11-30T15:26:49 PKT" name="test2" finished-at="2023-11-30T15:26:49 PKT" duration-ms="7" status="PASS">
          <reporter-output>
          </reporter-output>
        </test-method> <!-- test2 -->
        <test-method signature="test3()[pri:0, instance:Framework.Testng.Classn1@1dde4cb2]" started-at="2023-11-30T15:26:49 PKT" name="test3" finished-at="2023-11-30T15:26:49 PKT" duration-ms="2" status="PASS">
          <reporter-output>
          </reporter-output>
        </test-method> <!-- test3 -->
        <test-method is-config="true" signature="test1()[pri:0, instance:Framework.Testng.Classn1@1dde4cb2]" started-at="2023-11-30T15:26:49 PKT" name="test1" finished-at="2023-11-30T15:26:49 PKT" duration-ms="0" status="PASS">
          <reporter-output>
          </reporter-output>
        </test-method> <!-- test1 -->
      </class> <!-- Framework.Testng.Classn1 -->
    </test> <!-- Default test -->
  </suite> <!-- Default suite -->
</testng-results>
